
================================================================================
DIAG_UTIL_MOD
ref:34097d072ca2913668350ebd1a04957516c8fb67

================================================================================
DIAG_DATA_MOD
ref:34097d072ca2913668350ebd1a04957516c8fb67

================================================================================
DIAG_MANAGER_MOD
ref:34097d072ca2913668350ebd1a04957516c8fb67
 &DIAG_MANAGER_NML
 APPEND_PELIST_NAME      = F,
 MIX_SNAPSHOT_AVERAGE_FIELDS     = F,
 MAX_OUTPUT_FIELDS       =        1800,
 MAX_INPUT_FIELDS        =        1200,
 MAX_AXES        =         150,
 DO_DIAG_FIELD_LOG       = F,
 WRITE_BYTES_IN_FILE     = F,
 DEBUG_DIAG_MANAGER      = F,
 MAX_NUM_AXIS_SETS       =         100,
 MAX_FILES       =          75,
 USE_CMOR        = F,
 ISSUE_OOR_WARNINGS      = F,
 OOR_WARNINGS_FATAL      = F,
 MAX_OUT_PER_IN_FIELD    =         150,
 FLUSH_NC_FILES  = F,
 REGION_OUT_USE_ALT_VALUE        = T,
 MAX_FIELD_ATTRIBUTES    =           4,
 MAX_FILE_ATTRIBUTES     =           2,
 MAX_AXIS_ATTRIBUTES     =           6,
 PREPEND_DATE    = T,
 WRITE_MANIFEST_FILE     = F
 /
========================================================================
READ_ASCII_FILE: ref:34097d072ca2913668350ebd1a04957516c8fb67
READ_ASCII_FILE: File: diag_table
base date used = 1850 January  1  0:00:00 gmt

================================================================================
DIAG_AXIS_MOD
ref:34097d072ca2913668350ebd1a04957516c8fb67
find_obsolete_params: ref:a3acfedf3c2a79e7552fff0baa07093acc1f3ea2
MOM: ref:a3acfedf3c2a79e7552fff0baa07093acc1f3ea2
  MOM VERBOSITY: 2
  MOM DO_UNIT_TESTS: False
  MOM SPLIT: True
  MOM CALC_RHO_FOR_SEA_LEVEL: False
  MOM ENABLE_THERMODYNAMICS: True
  MOM USE_EOS: True
  MOM DIABATIC_FIRST: False
  MOM USE_CONTEMP_ABSSAL: False
  MOM ADIABATIC: False
  MOM OFFLINE_TRACER_MODE: False
  MOM USE_REGRIDDING: True
  MOM BULKMIXEDLAYER: False
  MOM THICKNESSDIFFUSE: True
  MOM THICKNESSDIFFUSE_FIRST: True
  MOM BATHYMETRY_AT_VEL: False
  MOM DEBUG: False
  MOM DEBUG_TRUNCATIONS: False
  MOM DT: 900.0
  MOM DT_THERM: 7200.0
  MOM THERMO_SPANS_COUPLING: True
  MOM HMIX_SFC_PROP: 1.0
  MOM HMIX_UV_SFC_PROP: 0.0
  MOM MIN_Z_DIAG_INTERVAL: 2.16E+04
  MOM INTERPOLATE_P_SURF: False
  MOM DTBT: -0.9
  MOM DTBT_RESET_PERIOD: 7200.0
  MOM FRAZIL: True
  MOM DO_GEOTHERMAL: True
  MOM BOUND_SALINITY: True
  MOM C_P: 3992.0
  MOM P_REF: 2.0E+07
  MOM GLOBAL_INDEXING: False
  MOM FIRST_DIRECTION: 0
  MOM CHECK_BAD_SURFACE_VALS: True
  MOM BAD_VAL_SSH_MAX: 50.0
  MOM BAD_VAL_SSS_MAX: 75.0
  MOM BAD_VAL_SST_MAX: 55.0
  MOM BAD_VAL_SST_MIN: -3.0
  MOM BAD_VAL_COLUMN_THICKNESS: 0.0
  MOM SAVE_INITIAL_CONDS: False
  MOM IC_OUTPUT_FILE: MOM_IC
  MOM WRITE_GEOM: 0
MOM_domains: ref:a3acfedf3c2a79e7552fff0baa07093acc1f3ea2
  MOM_domains REENTRANT_X: True
  MOM_domains REENTRANT_Y: False
  MOM_domains TRIPOLAR_N: True
  MOM_domains !SYMMETRIC_MEMORY_: False
  MOM_domains NONBLOCKING_UPDATES: False
  MOM_domains THIN_HALO_UPDATES: True
  MOM_domains !STATIC_MEMORY_: False
  MOM_domains NIHALO: 4
  MOM_domains NJHALO: 4
  MOM_domains NIGLOBAL: 1440
  MOM_domains NJGLOBAL: 1080
  MOM_domains MASKTABLE: mask_table.1053.90x45
  MOM_domains NIPROC: 90
  MOM_domains NJPROC: 45
  MOM_domains LAYOUT: 90, 45
  MOM_domains IO_LAYOUT: 9, 5

MOM domain decomposition:    90 X   45
   pe,   is,  ie,  js,  je,    isd, ied, jsd, jed
MOM_debugging: ref:a3acfedf3c2a79e7552fff0baa07093acc1f3ea2
  MOM_debugging DEBUG: False
  MOM_debugging DEBUG_CHKSUMS: False
  MOM_debugging DEBUG_REDUNDANT: False
MOM_checksums: ref:a3acfedf3c2a79e7552fff0baa07093acc1f3ea2
MOM_io: ref:a3acfedf3c2a79e7552fff0baa07093acc1f3ea2
MOM_hor_index: ref:a3acfedf3c2a79e7552fff0baa07093acc1f3ea2

MOM domain decomposition:    90 X   45
   pe,   is,  ie,  js,  je,    isd, ied, jsd, jed
MOM_verticalGrid: ref:a3acfedf3c2a79e7552fff0baa07093acc1f3ea2
  MOM_verticalGrid G_EARTH: 9.8
  MOM_verticalGrid RHO_0: 1035.0
  MOM_verticalGrid BOUSSINESQ: True
  MOM_verticalGrid ANGSTROM: 1.0E-10
  MOM_verticalGrid H_TO_M: 1.0
  MOM_verticalGrid NK: 75
  MOM_verticalGrid M to THICKNESS: 1.0
MOM_fixed_initialization: ref:a3acfedf3c2a79e7552fff0baa07093acc1f3ea2
  MOM_fixed_initialization DEBUG: False
  MOM_fixed_initialization INPUTDIR: INPUT
MOM_grid_init: ref:a3acfedf3c2a79e7552fff0baa07093acc1f3ea2
  MOM_grid_init GRID_CONFIG: mosaic
  MOM_grid_init DEBUG: False
  MOM_grid_init set_grid_metrics_from_mosaic GRID_FILE: ocean_hgrid.nc
  MOM_grid_init set_grid_metrics_from_mosaic INPUTDIR: INPUT
  MOM_grid_init set_grid_metrics_from_mosaic INPUTDIR/GRID_FILE: INPUT/ocean_hgrid.nc

MOM_MOSAIC domain decomposition:    90 X   45
   pe,   is,  ie,  js,  je,    isd, ied, jsd, jed
  MOM_initialize_topography TOPO_CONFIG: file
  initialize_topography_from_file INPUTDIR: INPUT
  initialize_topography_from_file TOPO_FILE: ocean_topog.nc
  initialize_topography_from_file TOPO_VARNAME: depth
  initialize_topography_from_file INPUTDIR/TOPO_FILE: INPUT/ocean_topog.nc
  apply_topography_edits_from_file INPUTDIR: INPUT
  apply_topography_edits_from_file TOPO_EDITS_FILE: All_edits.nc
  MOM_initialize_topography MAXIMUM_DEPTH: 6500.0
  limit_topography MINIMUM_DEPTH: 9.5
MOM_open_boundary: ref:a3acfedf3c2a79e7552fff0baa07093acc1f3ea2
  MOM_open_boundary OBC_NUMBER_OF_SEGMENTS: 0
  MOM_open_boundary G_EARTH: 9.8
  MOM_open_boundary EXTEND_OBC_SEGMENTS: False
  MOM_grid_init initialize_masks MINIMUM_DEPTH: 9.5
  MOM_grid_init initialize_masks MASKING_DEPTH: 0.0
  MOM_fixed_initialization CHANNEL_CONFIG: list
  reset_face_lengths_list CHANNEL_LIST_FILE: MOM_channels_global_025
  reset_face_lengths_list INPUTDIR: INPUT
  reset_face_lengths_list INPUTDIR/CHANNEL_LIST_FILE: INPUT/MOM_channels_global_025
  reset_face_lengths_list CHANNEL_LIST_360_LON_CHECK: True
  MOM_initialize_rotation ROTATION: 2omegasinlat
  set_rotation_planetary OMEGA: 7.2921E-05
MOM_tracer_registry: ref:a3acfedf3c2a79e7552fff0baa07093acc1f3ea2
  MOM NK_RHO_VARIES: 0
MOM_EOS: ref:a3acfedf3c2a79e7552fff0baa07093acc1f3ea2
  MOM_EOS EQN_OF_STATE: WRIGHT
  MOM_EOS EOS_QUADRATURE: False
  MOM_EOS TFREEZE_FORM: LINEAR
  MOM_EOS TFREEZE_S0_P0: 0.0
  MOM_EOS DTFREEZE_DS: -0.054
  MOM_EOS DTFREEZE_DP: -7.75E-08
MOM_restart: ref:a3acfedf3c2a79e7552fff0baa07093acc1f3ea2
  MOM_restart PARALLEL_RESTARTFILES: True
  MOM_restart RESTARTFILE: MOM.res
  MOM_restart LARGE_FILE_SUPPORT: True
  MOM_restart MAX_FIELDS: 100
MOM_tracer_flow_control: ref:a3acfedf3c2a79e7552fff0baa07093acc1f3ea2
  MOM_tracer_flow_control USE_USER_TRACER_EXAMPLE: False
  MOM_tracer_flow_control USE_DOME_TRACER: False
  MOM_tracer_flow_control USE_ISOMIP_TRACER: False
  MOM_tracer_flow_control USE_IDEAL_AGE_TRACER: True
  MOM_tracer_flow_control USE_REGIONAL_DYES: False
  MOM_tracer_flow_control USE_OIL_TRACER: False
  MOM_tracer_flow_control USE_ADVECTION_TEST_TRACER: False
  MOM_tracer_flow_control USE_OCMIP2_CFC: False
  MOM_tracer_flow_control USE_generic_tracer: True
  MOM_tracer_flow_control USE_PSEUDO_SALT_TRACER: False
  MOM_tracer_flow_control USE_BOUNDARY_IMPULSE_TRACER: False
  MOM_tracer_flow_control USE_DYED_OBC_TRACER: False
ideal_age_example: ref:a3acfedf3c2a79e7552fff0baa07093acc1f3ea2
  ideal_age_example DO_IDEAL_AGE: True
  ideal_age_example DO_IDEAL_VINTAGE: False
  ideal_age_example DO_IDEAL_AGE_DATED: False
  ideal_age_example AGE_IC_FILE:
  ideal_age_example AGE_IC_FILE_IS_Z: False
  ideal_age_example MASK_MASSLESS_TRACERS: False
  ideal_age_example TRACERS_MAY_REINIT: False
 &GENERIC_TRACER_NML
 DO_GENERIC_TRACER       = T,
 DO_GENERIC_ABIOTIC      = F,
 DO_GENERIC_AGE  = F,
 DO_GENERIC_ARGON        = F,
 DO_GENERIC_CFC  = T,
 DO_GENERIC_SF6  = T,
 DO_GENERIC_TOPAZ        = F,
 DO_GENERIC_ERGOM        = F,
 DO_GENERIC_BLING        = T,
 DO_GENERIC_MINIBLING    = F,
 DO_GENERIC_COBALT       = F,
 FORCE_UPDATE_FLUXES     = T
 /
 &MOCSY_NML
 BORON_FORMULATION       = l10,
 DISSOCIATION_CONSTANTS  = m10,
 HF_EQUILIBRIUM_CONSTANT = dg,
 EPSLN   =  1.000000000000000E-010,
 MINIMUM_TEMPERATURE     =  -2.00000000000000     ,
 SAL_FLOOR_BASED_ON_ALK  = T
 /
 &GENERIC_BLING_NML
 CO2_CALC        = mocsy     ,
 DO_14C  = F,
 DO_CARBON       = T,
 DO_CARBON_PRE   = F,
 DO_PO4_PRE      = F,
 BURY_CACO3      = T,
 BURY_POP        = T
 /
register_MOM_generic_tracer: ref:a3acfedf3c2a79e7552fff0baa07093acc1f3ea2
  register_MOM_generic_tracer GENERIC_TRACER_IC_FILE:
  register_MOM_generic_tracer GENERIC_TRACER_IC_FILE_IS_Z: False
  register_MOM_generic_tracer TRACERS_MAY_REINIT: False

================================================================================
$Id$
$Name$
MOM_coord_initialization: ref:a3acfedf3c2a79e7552fff0baa07093acc1f3ea2
  MOM_coord_initialization DEBUG: False
  MOM_coord_initialization COORD_CONFIG: file
  set_coord_from_file GFS: 9.8
  set_coord_from_file INPUTDIR: INPUT
  set_coord_from_file COORD_FILE: layer_coord.nc
  set_coord_from_file COORD_VAR: Layer
  set_coord_from_file INPUTDIR/COORD_FILE: INPUT/layer_coord.nc
  MOM_ALE BOUNDARY_EXTRAPOLATION_PRESSURE: True
  MOM_ALE RECONSTRUCT_FOR_PRESSURE: True
  MOM_ALE PRESSURE_RECONSTRUCTION_SCHEME: 1
  MOM_ALE REMAP_UV_USING_OLD_ALG: True
  MOM_ALE REGRIDDING_COORDINATE_MODE: HYCOM1
  MOM_ALE INPUTDIR: INPUT
  MOM_ALE REGRIDDING_COORDINATE_UNITS: m
  MOM_ALE INTERPOLATION_SCHEME: P1M_H2
  MOM_ALE BOUNDARY_EXTRAPOLATION: True
  MOM_ALE ALE_COORDINATE_CONFIG: HYBRID:hycom1_75_800m.nc,sigma2,FNC1:2,4000,4.5,.01
  MOM_ALE !ALE_RESOLUTION: 7*2.0, 2*2.01, 2.02, 2.03, 2.05, 2.08, 2.11, 2.15, 2.21, 2.2800000000000002, 2.37, 2.48, 2.61, 2.77, 2.95, 3.17, 3.4299999999999997, 3.74, 4.09, 4.49, 4.95, 5.48, 6.07, 6.74, 7.5, 8.34, 9.280000000000001, 10.33, 11.49, 12.77, 14.19, 15.74, 17.450000000000003, 19.31, 21.35, 23.56, 25.97, 28.580000000000002, 31.41, 34.47, 37.77, 41.32, 45.14, 49.25, 53.65, 58.370000000000005, 63.42, 68.81, 74.56, 80.68, 87.21000000000001, 94.14, 101.51, 109.33, 117.62, 126.4, 135.68, 145.5, 155.87, 166.81, 178.35, 190.51, 203.31, 216.78, 230.93, 245.8, 261.42, 277.83
  MOM_ALE !TARGET_DENSITIES: 1010.0, 1014.3034, 1017.8088, 1020.843, 1023.5566, 1025.813, 1027.0275, 1027.9114, 1028.6422, 1029.2795, 1029.852, 1030.3762, 1030.8626, 1031.3183, 1031.7486, 1032.1572, 1032.5471, 1032.9207, 1033.2798, 1033.6261, 1033.9608, 1034.2519, 1034.4817, 1034.6774, 1034.8508, 1035.0082, 1035.1533, 1035.2886, 1035.4159, 1035.5364, 1035.6511, 1035.7608, 1035.8661, 1035.9675, 1036.0645, 1036.1554, 1036.2411, 1036.3223, 1036.3998, 1036.4739, 1036.5451, 1036.6137, 1036.68, 1036.7441, 1036.8062, 1036.8526, 1036.8874, 1036.9164, 1036.9418, 1036.9647, 1036.9857, 1037.0052, 1037.0236, 1037.0409, 1037.0574, 1037.0738, 1037.0902, 1037.1066, 1037.123, 1037.1394, 1037.1558, 1037.1722, 1037.1887, 1037.206, 1037.2241, 1037.2435, 1037.2642, 1037.2866, 1037.3112, 1037.3389, 1037.3713, 1037.4118, 1037.475, 1037.6332, 1037.8104, 1038.0
  MOM_ALE REGRID_COMPRESSIBILITY_FRACTION: 0.01
  MOM_ALE MIN_THICKNESS: 0.001
  MOM_ALE MAXIMUM_INT_DEPTH_CONFIG: FNC1:5,8000.0,1.0,.01
  MOM_ALE !MAXIMUM_INT_DEPTHS: 0.0, 5.0, 12.75, 23.25, 36.49, 52.480000000000004, 71.22, 92.71000000000001, 116.94000000000001, 143.92000000000002, 173.65, 206.13, 241.36, 279.33000000000004, 320.05000000000007, 363.5200000000001, 409.7400000000001, 458.7000000000001, 510.4100000000001, 564.8700000000001, 622.0800000000002, 682.0300000000002, 744.7300000000002, 810.1800000000003, 878.3800000000003, 949.3300000000004, 1023.0200000000004, 1099.4600000000005, 1178.6500000000005, 1260.5900000000006, 1345.2700000000007, 1432.7000000000007, 1522.8800000000008, 1615.8100000000009, 1711.490000000001, 1809.910000000001, 1911.080000000001, 2015.0000000000011, 2121.670000000001, 2231.080000000001, 2343.2400000000007, 2458.1500000000005, 2575.8100000000004, 2696.2200000000003, 2819.3700000000003, 2945.2700000000004, 3073.9200000000005, 3205.3200000000006, 3339.4600000000005, 3476.3500000000004, 3615.9900000000002, 3758.38, 3903.52, 4051.4, 4202.03, 4355.41, 4511.54, 4670.41, 4832.03, 4996.4, 5163.5199999999995, 5333.379999999999, 5505.989999999999, 5681.3499999999985, 5859.459999999998, 6040.319999999998, 6223.919999999998, 6410.269999999999, 6599.369999999999, 6791.219999999999, 6985.8099999999995, 7183.15, 7383.24, 7586.08, 7791.67, 8000.0
  MOM_ALE MAX_LAYER_THICKNESS_CONFIG: FNC1:400,31000.0,0.1,.01
  MOM_ALE !MAX_LAYER_THICKNESS: 400.0, 409.63, 410.32, 410.75, 411.07, 411.32, 411.52, 411.7, 411.86, 412.0, 412.13, 412.24, 412.35, 412.45, 412.54, 412.63, 412.71, 412.79, 412.86, 412.93, 413.0, 413.06, 413.12, 413.18, 413.24, 413.29, 413.34, 413.39, 413.44, 413.49, 413.54, 413.58, 413.62, 413.67, 413.71, 413.75, 413.78, 413.82, 413.86, 413.9, 413.93, 413.97, 414.0, 414.03, 414.06, 414.1, 414.13, 414.16, 414.19, 414.22, 414.24, 414.27, 414.3, 414.33, 414.35, 414.38, 414.41, 414.43, 414.46, 414.48, 414.51, 414.53, 414.55, 414.58, 414.6, 414.62, 414.65, 414.67, 414.69, 414.71, 414.73, 414.75, 414.77, 414.79, 414.83
  MOM_ALE REMAPPING_SCHEME: PPM_H4
  MOM_ALE FATAL_CHECK_RECONSTRUCTIONS: False
  MOM_ALE FATAL_CHECK_REMAPPING: False
  MOM_ALE REMAP_BOUND_INTERMEDIATE_VALUES: False
  MOM_ALE REMAP_AFTER_INITIALIZATION: True
  MOM_ALE REGRID_TIME_SCALE: 0.0
  MOM_ALE REGRID_FILTER_SHALLOW_DEPTH: 0.0
  MOM_ALE REGRID_FILTER_DEEP_DEPTH: 0.0
MOM_grid: ref:a3acfedf3c2a79e7552fff0baa07093acc1f3ea2
  MOM_grid NIBLOCK: 1
  MOM_grid NJBLOCK: 1
MOM_state_initialization: ref:a3acfedf3c2a79e7552fff0baa07093acc1f3ea2
  MOM_state_initialization DEBUG: False
  MOM_state_initialization DEBUG_OBC: False
  MOM_state_initialization INPUTDIR: INPUT
  MOM_initialize_layers_from_Z INPUTDIR: INPUT
  MOM_initialize_layers_from_Z REENTRANT_X: True
  MOM_initialize_layers_from_Z TRIPOLAR_N: True
  MOM_initialize_layers_from_Z MINIMUM_DEPTH: 9.5
  MOM_initialize_layers_from_Z NKML: 0
  MOM_initialize_layers_from_Z NKBL: 0
  MOM_initialize_layers_from_Z ICE_SHELF: False
  MOM_state_initialization SPONGE: False
MOM_diag_mediator: ref:a3acfedf3c2a79e7552fff0baa07093acc1f3ea2
  MOM_diag_mediator NUM_DIAG_COORDS: 2
  MOM_diag_mediator DIAG_COORDS: z Z ZSTAR", "rho2 RHO2 RHO
  MOM_diag_mediator DIAG_MISVAL: 1.0E+20
  MOM_diag_mediator AVAILABLE_DIAGS_FILE: available_diags.000432
  MOM_diag_remap INPUTDIR: INPUT
  MOM_diag_remap DIAG_COORD_DEF_Z: WOA09
  MOM_diag_remap INPUTDIR: INPUT
  MOM_diag_remap INTERPOLATION_SCHEME: PPM_H4
  MOM_diag_remap DIAG_COORD_DEF_RHO2: RFNC1:35,999.5,1028,1028.5,8.,1038.,0.0078125
MOM_MEKE: ref:a3acfedf3c2a79e7552fff0baa07093acc1f3ea2
  MOM_MEKE USE_MEKE: True
  MOM_MEKE MEKE_DAMPING: 0.0
  MOM_MEKE MEKE_CD_SCALE: 0.0
  MOM_MEKE MEKE_CB: 25.0
  MOM_MEKE MEKE_MIN_GAMMA2: 1.0E-04
  MOM_MEKE MEKE_CT: 50.0
  MOM_MEKE MEKE_GMCOEFF: 1.0
  MOM_MEKE MEKE_FRCOEFF: -1.0
  MOM_MEKE MEKE_BGSRC: 1.0E-13
  MOM_MEKE MEKE_KH: -1.0
  MOM_MEKE MEKE_K4: -1.0
  MOM_MEKE MEKE_DTSCALE: 1.0
  MOM_MEKE MEKE_KHCOEFF: 1.0
  MOM_MEKE MEKE_USCALE: 0.0
  MOM_MEKE MEKE_VISC_DRAG: True
  MOM_MEKE MEKE_KHTH_FAC: 0.0
  MOM_MEKE MEKE_KHTR_FAC: 0.0
  MOM_MEKE MEKE_KHMEKE_FAC: 1.0
  MOM_MEKE MEKE_OLD_LSCALE: False
  MOM_MEKE MEKE_RD_MAX_SCALE: False
  MOM_MEKE MEKE_VISCOSITY_COEFF: 0.0
  MOM_MEKE MEKE_FIXED_MIXING_LENGTH: 0.0
  MOM_MEKE MEKE_ALPHA_DEFORM: 0.0
  MOM_MEKE MEKE_ALPHA_RHINES: 0.15
  MOM_MEKE MEKE_ALPHA_EADY: 0.15
  MOM_MEKE MEKE_ALPHA_FRICT: 0.0
  MOM_MEKE MEKE_ALPHA_GRID: 0.0
  MOM_MEKE MEKE_COLD_START: False
  MOM_MEKE MEKE_BACKSCAT_RO_C: 0.0
  MOM_MEKE MEKE_BACKSCAT_RO_POW: 0.0
  MOM_MEKE MEKE_ADVECTION_FACTOR: 0.0
  MOM_MEKE CDRAG: 0.003
MOM_lateral_mixing_coeffs: ref:a3acfedf3c2a79e7552fff0baa07093acc1f3ea2
  MOM_lateral_mixing_coeffs USE_VARIABLE_MIXING: True
  MOM_lateral_mixing_coeffs RESOLN_SCALED_KH: True
  MOM_lateral_mixing_coeffs RESOLN_SCALED_KHTH: True
  MOM_lateral_mixing_coeffs RESOLN_SCALED_KHTR: False
  MOM_lateral_mixing_coeffs RESOLN_USE_EBT: False
  MOM_lateral_mixing_coeffs KHTH_USE_EBT_STRUCT: False
  MOM_lateral_mixing_coeffs KHTH_SLOPE_CFF: 0.0
  MOM_lateral_mixing_coeffs KHTR_SLOPE_CFF: 0.25
  MOM_lateral_mixing_coeffs USE_STORED_SLOPES: True
  MOM_lateral_mixing_coeffs VISBECK_MAX_SLOPE: 0.0
  MOM_lateral_mixing_coeffs KD_SMOOTH: 1.0E-06
  MOM_lateral_mixing_coeffs VARMIX_KTOP: 2
  MOM_lateral_mixing_coeffs VISBECK_L_SCALE: 0.0
  MOM_lateral_mixing_coeffs KH_RES_SCALE_COEF: 1.0
  MOM_lateral_mixing_coeffs KH_RES_FN_POWER: 2
  MOM_lateral_mixing_coeffs VISC_RES_SCALE_COEF: 1.0
  MOM_lateral_mixing_coeffs VISC_RES_FN_POWER: 2
  MOM_lateral_mixing_coeffs INTERPOLATE_RES_FN: False
  MOM_lateral_mixing_coeffs USE_VISBECK_SLOPE_BUG: False
  MOM_lateral_mixing_coeffs GILL_EQUATORIAL_LD: True
MOM_wave_speed: ref:a3acfedf3c2a79e7552fff0baa07093acc1f3ea2
MOM_set_visc: ref:a3acfedf3c2a79e7552fff0baa07093acc1f3ea2
  MOM_set_visc BOTTOMDRAGLAW: True
  MOM_set_visc CHANNEL_DRAG: True
  MOM_set_visc LINEAR_DRAG: False
  MOM_set_visc DOUBLE_DIFFUSION: False
  MOM_set_visc PRANDTL_TURB: 1.25
  MOM_set_visc DEBUG: False
  MOM_set_visc DYNAMIC_VISCOUS_ML: False
  MOM_set_visc OMEGA: 7.2921E-05
  MOM_set_visc HBBL: 10.0
  MOM_set_visc CDRAG: 0.003
  MOM_set_visc DRAG_BG_VEL: 0.1
  MOM_set_visc BBL_USE_EOS: True
  MOM_set_visc BBL_THICK_MIN: 0.1
  MOM_set_visc HTBL_SHELF_MIN: 0.1
  MOM_set_visc HTBL_SHELF: 10.0
  MOM_set_visc KV: 1.0E-04
  MOM_set_visc KV_BBL_MIN: 0.0
  MOM_set_visc KV_TBL_MIN: 0.0
  MOM_set_visc SMAG_LAP_CONST: -1.0
  MOM_set_visc SMAG_CONST_CHANNEL: 0.15
  MOM_dynamics_split_RK2 TIDES: False
  MOM_dynamics_split_RK2 BE: 0.6
  MOM_dynamics_split_RK2 BEGW: 0.0
  MOM_dynamics_split_RK2 SPLIT_BOTTOM_STRESS: False
  MOM_dynamics_split_RK2 BT_USE_LAYER_FLUXES: True
  MOM_dynamics_split_RK2 DEBUG: False
  MOM_dynamics_split_RK2 DEBUG_OBC: False
  MOM_dynamics_split_RK2 DEBUG_TRUNCATIONS: False
MOM_continuity: ref:a3acfedf3c2a79e7552fff0baa07093acc1f3ea2
  MOM_continuity CONTINUITY_SCHEME: PPM
MOM_continuity_PPM: ref:a3acfedf3c2a79e7552fff0baa07093acc1f3ea2
  MOM_continuity_PPM MONOTONIC_CONTINUITY: False
  MOM_continuity_PPM SIMPLE_2ND_PPM_CONTINUITY: False
  MOM_continuity_PPM UPWIND_1ST_CONTINUITY: False
  MOM_continuity_PPM ETA_TOLERANCE: 1.0E-06
  MOM_continuity_PPM ETA_TOLERANCE_AUX: 0.001
  MOM_continuity_PPM VELOCITY_TOLERANCE: 3.0E+08
  MOM_continuity_PPM CONT_PPM_AGGRESS_ADJUST: False
  MOM_continuity_PPM CONT_PPM_VOLUME_BASED_CFL: False
  MOM_continuity_PPM CONTINUITY_CFL_LIMIT: 0.5
  MOM_continuity_PPM CONT_PPM_BETTER_ITER: True
  MOM_continuity_PPM CONT_PPM_USE_VISC_REM_MAX: True
  MOM_continuity_PPM CONT_PPM_MARGINAL_FACE_AREAS: True
MOM_CoriolisAdv: ref:a3acfedf3c2a79e7552fff0baa07093acc1f3ea2
  MOM_CoriolisAdv NOSLIP: False
  MOM_CoriolisAdv CORIOLIS_EN_DIS: False
  MOM_CoriolisAdv CORIOLIS_SCHEME: SADOURNY75_ENSTRO
  MOM_CoriolisAdv BOUND_CORIOLIS: True
  MOM_CoriolisAdv KE_SCHEME: KE_ARAKAWA
  MOM_CoriolisAdv PV_ADV_SCHEME: PV_ADV_CENTERED
MOM_PressureForce: ref:a3acfedf3c2a79e7552fff0baa07093acc1f3ea2
  MOM_PressureForce ANALYTIC_FV_PGF: True
MOM_PressureForce_AFV: ref:a3acfedf3c2a79e7552fff0baa07093acc1f3ea2
  MOM_PressureForce_AFV RHO_0: 1035.0
  MOM_PressureForce_AFV TIDES: False
  MOM_PressureForce_AFV MASS_WEIGHT_IN_PRESSURE_GRADIENT: True
  MOM_PressureForce_AFV GFS / G_EARTH: 1.0
MOM_hor_visc: ref:a3acfedf3c2a79e7552fff0baa07093acc1f3ea2
  MOM_hor_visc GET_ALL_PARAMS: False
  MOM_hor_visc LAPLACIAN: True
  MOM_hor_visc KH: 0.0
  MOM_hor_visc KH_BG_MIN: 0.0
  MOM_hor_visc KH_VEL_SCALE: 0.0
  MOM_hor_visc SMAGORINSKY_KH: False
  MOM_hor_visc LEITH_KH: False
  MOM_hor_visc MODIFIED_LEITH: False
  MOM_hor_visc BOUND_KH: True
  MOM_hor_visc BETTER_BOUND_KH: True
  MOM_hor_visc BIHARMONIC: True
  MOM_hor_visc AH: 0.0
  MOM_hor_visc AH_VEL_SCALE: 0.01
  MOM_hor_visc SMAGORINSKY_AH: True
  MOM_hor_visc LEITH_AH: False
  MOM_hor_visc BOUND_AH: True
  MOM_hor_visc BETTER_BOUND_AH: True
  MOM_hor_visc SMAG_BI_CONST: 0.06
  MOM_hor_visc BOUND_CORIOLIS: True
  MOM_hor_visc BOUND_CORIOLIS_BIHARM: True
  MOM_hor_visc MAXVEL: 6.0
  MOM_hor_visc BOUND_CORIOLIS_VEL: 6.0
  MOM_hor_visc HORVISC_BOUND_COEF: 0.8
  MOM_hor_visc NOSLIP: False
  MOM_hor_visc USE_KH_BG_2D: False
  MOM_hor_visc DT: 900.0
MOM_vert_friction: ref:a3acfedf3c2a79e7552fff0baa07093acc1f3ea2
  MOM_vert_friction BOTTOMDRAGLAW: True
  MOM_vert_friction CHANNEL_DRAG: True
  MOM_vert_friction DIRECT_STRESS: False
  MOM_vert_friction DYNAMIC_VISCOUS_ML: False
  MOM_vert_friction U_TRUNC_FILE: U_velocity_truncations
  MOM_vert_friction V_TRUNC_FILE: V_velocity_truncations
  MOM_vert_friction HARMONIC_VISC: False
  MOM_vert_friction HARMONIC_BL_SCALE: 0.0
  MOM_vert_friction DEBUG: False
  MOM_vert_friction HMIX_FIXED: 0.5
  MOM_vert_friction KV: 1.0E-04
  MOM_vert_friction KVML: 1.0E-04
  MOM_vert_friction HBBL: 10.0
  MOM_vert_friction MAXVEL: 6.0
  MOM_vert_friction CFL_BASED_TRUNCATIONS: True
  MOM_vert_friction CFL_TRUNCATE: 0.5
  MOM_vert_friction CFL_REPORT: 0.5
  MOM_vert_friction CFL_TRUNCATE_RAMP_TIME: 0.0
  MOM_vert_friction CFL_TRUNCATE_START: 0.0
MOM_PointAccel: ref:a3acfedf3c2a79e7552fff0baa07093acc1f3ea2
  MOM_PointAccel U_TRUNC_FILE: U_velocity_truncations
  MOM_PointAccel V_TRUNC_FILE: V_velocity_truncations
  MOM_PointAccel MAX_TRUNC_FILE_SIZE_PER_PE: 50
  MOM_PointAccel output_dir/U_TRUNC_FILE: ./U_velocity_truncations
  MOM_PointAccel output_dir/V_TRUNC_FILE: ./V_velocity_truncations
MOM_barotropic: ref:a3acfedf3c2a79e7552fff0baa07093acc1f3ea2
  MOM_barotropic SPLIT: True
  MOM_barotropic BOUND_BT_CORRECTION: True
  MOM_barotropic BT_CONT_CORR_BOUNDS: True
  MOM_barotropic ADJUST_BT_CONT: False
  MOM_barotropic GRADUAL_BT_ICS: False
  MOM_barotropic BT_USE_VISC_REM_U_UH0: False
  MOM_barotropic BT_USE_WIDE_HALOS: True
  MOM_barotropic BTHALO: 0
  MOM_barotropic !BT x-halo: 0
  MOM_barotropic !BT y-halo: 0
  MOM_barotropic USE_BT_CONT_TYPE: True
  MOM_barotropic NONLINEAR_BT_CONTINUITY: False
  MOM_barotropic BT_MASS_SOURCE_LIMIT: 0.0
  MOM_barotropic BT_PROJECT_VELOCITY: True
  MOM_barotropic DYNAMIC_SURFACE_PRESSURE: True
  MOM_barotropic ICE_LENGTH_DYN_PSURF: 1.0E+04
  MOM_barotropic DEPTH_MIN_DYN_PSURF: 1.0E-06
  MOM_barotropic CONST_DYN_PSURF: 0.9
  MOM_barotropic TIDES: False
  MOM_barotropic SADOURNY: True
  MOM_barotropic BT_THICK_SCHEME: FROM_BT_CONT
  MOM_barotropic BT_STRONG_DRAG: False
  MOM_barotropic CLIP_BT_VELOCITY: False
  MOM_barotropic MAXCFL_BT_CONT: 0.25
  MOM_barotropic DT_BT_FILTER: -0.25
  MOM_barotropic G_BT_EXTRA: 0.0
  MOM_barotropic SSH_EXTRA: 10.0
  MOM_barotropic DEBUG: False
  MOM_barotropic DEBUG_BT: False
  MOM_barotropic BEBT: 0.2
  MOM_barotropic DTBT: -0.9
  MOM_barotropic BT_USE_OLD_CORIOLIS_BRACKET_BUG: True

MOM domain decomposition:    90 X   45
   pe,   is,  ie,  js,  je,    isd, ied, jsd, jed
  MOM_barotropic DTBT as used: 19.187215697583635
  MOM_barotropic estimated maximum DTBT: 21.319128552870705
MOM_thickness_diffuse: ref:a3acfedf3c2a79e7552fff0baa07093acc1f3ea2
  MOM_thickness_diffuse THICKNESSDIFFUSE: True
  MOM_thickness_diffuse KHTH: 0.0
  MOM_thickness_diffuse KHTH_SLOPE_CFF: 0.0
  MOM_thickness_diffuse KHTH_MIN: 0.0
  MOM_thickness_diffuse KHTH_MAX: 0.0
  MOM_thickness_diffuse KHTH_MAX_CFL: 0.1
  MOM_thickness_diffuse DETANGLE_INTERFACES: False
  MOM_thickness_diffuse KHTH_SLOPE_MAX: 0.01
  MOM_thickness_diffuse KD_SMOOTH: 1.0E-06
  MOM_thickness_diffuse KHTH_USE_FGNV_STREAMFUNCTION: False
  MOM_thickness_diffuse DEBUG: False
MOM_mixed_layer_restrat: ref:a3acfedf3c2a79e7552fff0baa07093acc1f3ea2
  MOM_mixed_layer_restrat MIXEDLAYER_RESTRAT: True
  MOM_mixed_layer_restrat FOX_KEMPER_ML_RESTRAT_COEF: 1.0
  MOM_mixed_layer_restrat FOX_KEMPER_ML_RESTRAT_COEF2: 0.0
  MOM_mixed_layer_restrat MLE_FRONT_LENGTH: 500.0
  MOM_mixed_layer_restrat MLE_USE_PBL_MLD: True
  MOM_mixed_layer_restrat MLE_MLD_DECAY_TIME: 2.592E+06
  MOM_mixed_layer_restrat MLE_MLD_DECAY_TIME2: 0.0
  MOM_mixed_layer_restrat MLE_TAIL_DH: 0.0
  MOM_mixed_layer_restrat MLE_MLD_STRETCH: 1.0
  MOM_mixed_layer_restrat MLE_USE_MLD_AVE_BUG: False
MOM_diagnostics: ref:a3acfedf3c2a79e7552fff0baa07093acc1f3ea2
  MOM_diagnostics DIAG_EBT_MONO_N2_COLUMN_FRACTION: 0.0
  MOM_diagnostics DIAG_EBT_MONO_N2_DEPTH: -1.0
MOM_diag_to_Z: ref:a3acfedf3c2a79e7552fff0baa07093acc1f3ea2
  MOM_diag_to_Z Z_OUTPUT_GRID_FILE: analysis_vgrid_lev35.v1.nc
  MOM_diag_to_Z INPUTDIR: INPUT
  MOM_diag_to_Z !INPUTDIR/Z_OUTPUT_GRID_FILE: INPUT/analysis_vgrid_lev35.v1.nc
  MOM_diag_to_Z !NK_ZSPACE (from file): 35
MOM_diabatic_driver: ref:a3acfedf3c2a79e7552fff0baa07093acc1f3ea2
  MOM_diabatic_driver SPONGE: False
  MOM_diabatic_driver ENABLE_THERMODYNAMICS: True
  MOM_diabatic_driver ENERGETICS_SFC_PBL: True
  MOM_diabatic_driver EPBL_IS_ADDITIVE: False
  MOM_diabatic_driver DOUBLE_DIFFUSION: False
  MOM_diabatic_driver DO_GEOTHERMAL: True
  MOM_diabatic_driver INTERNAL_TIDES: False
  MOM_diabatic_driver MASSLESS_MATCH_TARGETS: True
  MOM_diabatic_driver AGGREGATE_FW_FORCING: True
  MOM_diabatic_driver DEBUG: False
  MOM_diabatic_driver DEBUG_CONSERVATION: False
  MOM_diabatic_driver MIX_BOUNDARY_TRACERS: True
  MOM_diabatic_driver KD: 1.5E-05
  MOM_diabatic_driver KD_MIN_TR: 1.5E-06
  MOM_diabatic_driver KD_BBL_TR: 0.0
  MOM_diabatic_driver TRACER_TRIDIAG: False
  MOM_diabatic_driver MINIMUM_FORCING_DEPTH: 0.001
  MOM_diabatic_driver EVAP_CFL_LIMIT: 0.8
  MOM_diabatic_driver DIAG_MLD_DENSITY_DIFF: 0.1
MOM_KPP: ref:a3acfedf3c2a79e7552fff0baa07093acc1f3ea2
  MOM_KPP USE_KPP: False
  MOM_diabatic_driver SALT_REJECT_BELOW_ML: False
MOM_diffConvection: ref:a3acfedf3c2a79e7552fff0baa07093acc1f3ea2
  MOM_diffConvection USE_CONVECTION: False
  MOM_diffConvection PASSIVE: False
  MOM_diffConvection KD_CONV: 1.0
MOM_entrain_diffusive: ref:a3acfedf3c2a79e7552fff0baa07093acc1f3ea2
  MOM_entrain_diffusive CORRECT_DENSITY: True
  MOM_entrain_diffusive MAX_ENT_IT: 5
  MOM_entrain_diffusive KD: 1.5E-05
  MOM_entrain_diffusive DT: 900.0
  MOM_entrain_diffusive TOLERANCE_ENT: 1.161895003862225E-05
MOM_geothermal: ref:a3acfedf3c2a79e7552fff0baa07093acc1f3ea2
  MOM_geothermal GEOTHERMAL_SCALE: 1.0
  MOM_geothermal GEOTHERMAL_FILE: geothermal_davies2013_v1.nc
  MOM_geothermal GEOTHERMAL_THICKNESS: 0.1
  MOM_geothermal GEOTHERMAL_DRHO_DT_INPLACE: -0.01
  MOM_geothermal INPUTDIR: INPUT
  MOM_geothermal INPUTDIR/GEOTHERMAL_FILE: INPUT/geothermal_davies2013_v1.nc
  MOM_geothermal GEOTHERMAL_VARNAME: geothermal_hf
MOM_set_diffusivity: ref:a3acfedf3c2a79e7552fff0baa07093acc1f3ea2
  MOM_set_diffusivity INPUTDIR: INPUT
  MOM_set_diffusivity FLUX_RI_MAX: 0.2
  MOM_set_diffusivity OMEGA: 7.2921E-05
  MOM_set_diffusivity ML_RADIATION: False
  MOM_set_diffusivity BOTTOMDRAGLAW: True
  MOM_set_diffusivity CDRAG: 0.003
  MOM_set_diffusivity BBL_EFFIC: 0.2
  MOM_set_diffusivity BBL_MIXING_MAX_DECAY: 0.0
  MOM_set_diffusivity BBL_MIXING_AS_MAX: False
  MOM_set_diffusivity USE_LOTW_BBL_DIFFUSIVITY: True
  MOM_set_diffusivity LOTW_BBL_USE_OMEGA: True
  MOM_set_diffusivity SIMPLE_TKE_TO_KD: True
  MOM_set_diffusivity BRYAN_LEWIS_DIFFUSIVITY: False
  MOM_set_diffusivity HENYEY_IGW_BACKGROUND: True
  MOM_set_diffusivity HENYEY_IGW_BACKGROUND_NEW: False
  MOM_set_diffusivity HENYEY_N0_2OMEGA: 20.0
  MOM_set_diffusivity N2_FLOOR_IOMEGA2: 0.0
  MOM_set_diffusivity KD_TANH_LAT_FN: False
  MOM_set_diffusivity KV: 1.0E-04
  MOM_set_diffusivity KD: 1.5E-05
  MOM_set_diffusivity KD_MIN: 2.0E-06
  MOM_set_diffusivity KD_MAX: 0.1
  MOM_set_diffusivity KD_ADD: 0.0
  MOM_set_diffusivity KDML: 1.5E-05
  MOM_set_diffusivity HMIX_FIXED: 0.5
  MOM_set_diffusivity DEBUG: False
  MOM_set_diffusivity INT_TIDE_DISSIPATION: True
  MOM_set_diffusivity INT_TIDE_PROFILE: POLZIN_09
  MOM_set_diffusivity LEE_WAVE_DISSIPATION: False
  MOM_set_diffusivity INT_TIDE_LOWMODE_DISSIPATION: False
  MOM_set_diffusivity NU_POLZIN: 0.0697
  MOM_set_diffusivity NBOTREF_POLZIN: 9.61E-04
  MOM_set_diffusivity POLZIN_DECAY_SCALE_FACTOR: 1.0
  MOM_set_diffusivity POLZIN_SCALE_MAX_FACTOR: 1.0
  MOM_set_diffusivity POLZIN_MIN_DECAY_SCALE: 0.0
  MOM_set_diffusivity USER_CHANGE_DIFFUSIVITY: False
  MOM_set_diffusivity DISSIPATION_MIN: 0.0
  MOM_set_diffusivity DISSIPATION_N0: 0.0
  MOM_set_diffusivity DISSIPATION_N1: 0.0
  MOM_set_diffusivity DISSIPATION_KD_MIN: 0.0
  MOM_set_diffusivity INT_TIDE_DECAY_SCALE: 300.3003003003003
  MOM_set_diffusivity MU_ITIDES: 0.2
  MOM_set_diffusivity GAMMA_ITIDES: 0.3333
  MOM_set_diffusivity MIN_ZBOT_ITIDES: 0.0
  MOM_set_diffusivity KAPPA_ITIDES: 6.28319E-04
  MOM_set_diffusivity UTIDE: 0.0
  MOM_set_diffusivity KAPPA_H2_FACTOR: 0.84
  MOM_set_diffusivity TKE_ITIDE_MAX: 0.1
  MOM_set_diffusivity READ_TIDEAMP: True
  MOM_set_diffusivity TIDEAMP_FILE: tidal_amplitude.v20140616.nc
  MOM_set_diffusivity INPUTDIR/TIDEAMP_FILE: INPUT/tidal_amplitude.v20140616.nc
  MOM_set_diffusivity H2_FILE: ocean_topog.nc
  MOM_set_diffusivity INPUTDIR/H2_FILE: INPUT/ocean_topog.nc
  MOM_set_diffusivity DOUBLE_DIFFUSION: False
MOM_kappa_shear: ref:a3acfedf3c2a79e7552fff0baa07093acc1f3ea2
  MOM_kappa_shear USE_JACKSON_PARAM: True
  MOM_kappa_shear RINO_CRIT: 0.25
  MOM_kappa_shear SHEARMIX_RATE: 0.089
  MOM_kappa_shear MAX_RINO_IT: 25
  MOM_kappa_shear KD_KAPPA_SHEAR_0: 1.5E-05
  MOM_kappa_shear FRI_CURVATURE: -0.97
  MOM_kappa_shear TKE_N_DECAY_CONST: 0.24
  MOM_kappa_shear TKE_SHEAR_DECAY_CONST: 0.14
  MOM_kappa_shear KAPPA_BUOY_SCALE_COEF: 0.82
  MOM_kappa_shear KAPPA_N_OVER_S_SCALE_COEF2: 0.0
  MOM_kappa_shear KAPPA_SHEAR_TOL_ERR: 0.1
  MOM_kappa_shear TKE_BACKGROUND: 0.0
  MOM_kappa_shear KAPPA_SHEAR_ELIM_MASSLESS: True
  MOM_kappa_shear MAX_KAPPA_SHEAR_IT: 13
  MOM_kappa_shear DEBUG_KAPPA_SHEAR: False
MOM_CVMix_shear: ref:a3acfedf3c2a79e7552fff0baa07093acc1f3ea2
  MOM_CVMix_shear USE_LMD94: False
  MOM_CVMix_shear USE_PP81: False
MOM_diabatic_aux: ref:a3acfedf3c2a79e7552fff0baa07093acc1f3ea2
  MOM_diabatic_aux RECLAIM_FRAZIL: True
  MOM_diabatic_aux PRESSURE_DEPENDENT_FRAZIL: True
  MOM_diabatic_aux IGNORE_FLUXES_OVER_LAND: False
  MOM_diabatic_aux DO_RIVERMIX: False
  MOM_diabatic_aux USE_RIVER_HEAT_CONTENT: False
  MOM_diabatic_aux USE_CALVING_HEAT_CONTENT: False
MOM_energetic_PBL: ref:a3acfedf3c2a79e7552fff0baa07093acc1f3ea2
  MOM_energetic_PBL MSTAR_MODE: 2
  MOM_energetic_PBL MSTAR: 0.0
  MOM_energetic_PBL MIX_LEN_EXPONENT: 1.0
  MOM_energetic_PBL MSTAR_CAP: 10.0
  MOM_energetic_PBL MSTAR_CONV_ADJ: 0.667
  MOM_energetic_PBL MSTAR_SLOPE: 0.85
  MOM_energetic_PBL MSTAR_XINT: -0.3
  MOM_energetic_PBL MSTAR_AT_XINT: 0.095
  MOM_energetic_PBL MSTAR_FLATCAP: True
  MOM_energetic_PBL MSTAR2_COEF1: 0.29
  MOM_energetic_PBL MSTAR2_COEF2: 0.152
  MOM_energetic_PBL NSTAR: 0.06
  MOM_energetic_PBL MKE_TO_TKE_EFFIC: 0.0
  MOM_energetic_PBL TKE_DECAY: 0.01
  MOM_energetic_PBL OMEGA: 7.2921E-05
  MOM_energetic_PBL ML_OMEGA_FRAC: 0.001
  MOM_energetic_PBL WSTAR_USTAR_COEF: 1.0
  MOM_energetic_PBL VSTAR_SCALE_FACTOR: 1.0
  MOM_energetic_PBL EKMAN_SCALE_COEF: 1.0
  MOM_energetic_PBL USE_MLD_ITERATION: True
  MOM_energetic_PBL ORIG_MLD_ITERATION: False
  MOM_energetic_PBL MLD_ITERATION_GUESS: False
  MOM_energetic_PBL EPBL_MLD_TOLERANCE: 1.0
  MOM_energetic_PBL EPBL_MIN_MIX_LEN: 0.0
  MOM_energetic_PBL EPBL_ORIGINAL_PE_CALC: True
  MOM_energetic_PBL EPBL_TRANSITION_SCALE: 0.01
  MOM_energetic_PBL N2_DISSIPATION_POS: 0.0
  MOM_energetic_PBL N2_DISSIPATION_NEG: 0.0
  MOM_energetic_PBL USE_LA_LI2016: True
  MOM_energetic_PBL LA_DEPTH_RATIO: 0.04
  MOM_energetic_PBL LT_ENHANCE: 3
  MOM_energetic_PBL LT_ENHANCE_COEF: 0.044
  MOM_energetic_PBL LT_ENHANCE_EXP: -1.5
  MOM_energetic_PBL LT_MOD_LAC1: 0.0
  MOM_energetic_PBL LT_MOD_LAC2: 0.0
  MOM_energetic_PBL LT_MOD_LAC3: 0.0
  MOM_energetic_PBL LT_MOD_LAC4: 0.0
  MOM_energetic_PBL LT_MOD_LAC5: 0.22
  MOM_energetic_PBL EPBL_USTAR_MIN: 1.45842E-18
  MOM_energetic_PBL ENABLE_THERMODYNAMICS: True
MOM_regularize_layers: ref:a3acfedf3c2a79e7552fff0baa07093acc1f3ea2
  MOM_regularize_layers REGULARIZE_SURFACE_LAYERS: False
  MOM_regularize_layers HMIX_MIN: 0.0
  MOM_regularize_layers REG_SFC_DEFICIT_TOLERANCE: 0.5
  MOM_regularize_layers DEBUG: False
  MOM_regularize_layers ALLOW_CLOCKS_IN_OMP_LOOPS: True
  MOM_diabatic_driver PEN_SW_NBANDS: 3
MOM_opacity: ref:a3acfedf3c2a79e7552fff0baa07093acc1f3ea2
  MOM_opacity VAR_PEN_SW: True
  MOM_opacity OPACITY_SCHEME: MANIZZA_05
  MOM_opacity CHL_FROM_FILE: True

================================================================================
TIME_INTERP_EXTERNAL_MOD
ref:34097d072ca2913668350ebd1a04957516c8fb67
 &TIME_INTERP_EXTERNAL_NML
 NUM_IO_BUFFERS  =           2,
 DEBUG_THIS_MODULE       = F,
 MAX_FIELDS      =         100,
 MAX_FILES       =          40
 /

================================================================================
TIME_INTERP_MOD
ref:34097d072ca2913668350ebd1a04957516c8fb67
 &TIME_INTERP_NML
 PERTHLIKE_BEHAVIOR      = F
 /
  MOM_opacity INPUTDIR: INPUT
  MOM_opacity CHL_FILE: seawifs_1998-2006_smoothed_2X.v20140616.nc
  MOM_opacity INPUTDIR/CHL_FILE: INPUT/seawifs_1998-2006_smoothed_2X.v20140616.nc

================================================================================
GET_CAL_TIME_MOD
ref:34097d072ca2913668350ebd1a04957516c8fb67
 &GET_CAL_TIME_NML
 ALLOW_CALENDAR_CONVERSION       = T
 /
  MOM_opacity BLUE_FRAC_SW: 0.5
  MOM_opacity PEN_SW_NBANDS: 3
  MOM_opacity OPACITY_LAND_VALUE: 10.0
MOM_tracer_advect: ref:a3acfedf3c2a79e7552fff0baa07093acc1f3ea2
  MOM_tracer_advect DT: 900.0
  MOM_tracer_advect DEBUG: False
  MOM_tracer_advect TRACER_ADVECTION_SCHEME: PPM:H3
MOM_tracer_hor_diff: ref:a3acfedf3c2a79e7552fff0baa07093acc1f3ea2
  MOM_tracer_hor_diff KHTR: 0.0
  MOM_tracer_hor_diff KHTR_SLOPE_CFF: 0.25
  MOM_tracer_hor_diff KHTR_MIN: 0.0
  MOM_tracer_hor_diff KHTR_MAX: 0.0
  MOM_tracer_hor_diff KHTR_PASSIVITY_COEFF: 0.0
  MOM_tracer_hor_diff KHTR_PASSIVITY_MIN: 0.5
  MOM_tracer_hor_diff DT: 900.0
  MOM_tracer_hor_diff DIFFUSE_ML_TO_INTERIOR: False
  MOM_tracer_hor_diff CHECK_DIFFUSIVE_CFL: True
MOM_neutral_diffusion: ref:a3acfedf3c2a79e7552fff0baa07093acc1f3ea2
  MOM_neutral_diffusion USE_NEUTRAL_DIFFUSION: False
  MOM_tracer_hor_diff DEBUG: False
MOM_obsolete_diagnostics: ref:a3acfedf3c2a79e7552fff0baa07093acc1f3ea2
  MOM_obsolete_diagnostics OBSOLETE_DIAGNOSTIC_IS_FATAL: True
ocean_model_init: ref:a3acfedf3c2a79e7552fff0baa07093acc1f3ea2
  ocean_model_init RESTART_CONTROL: 1
  ocean_model_init TIMEUNIT: 8.64E+04
  ocean_model_init ENERGYSAVEDAYS (Time): 30:0
  ocean_model_init OCEAN_SURFACE_STAGGER: C
  ocean_model_init RESTORE_SALINITY: False
  ocean_model_init RESTORE_TEMPERATURE: False
  ocean_model_init RHO_0: 1035.0
  ocean_model_init G_EARTH: 9.8
  ocean_model_init ICE_SHELF: False
  ocean_model_init ICEBERGS_APPLY_RIGID_BOUNDARY: False

================================================================================
ref:a3acfedf3c2a79e7552fff0baa07093acc1f3ea2
MOM_surface_forcing: ref:a3acfedf3c2a79e7552fff0baa07093acc1f3ea2
  MOM_surface_forcing INPUTDIR: INPUT
  MOM_surface_forcing ENABLE_THERMODYNAMICS: True
  MOM_surface_forcing RHO_0: 1035.0
  MOM_surface_forcing LATENT_HEAT_FUSION: 3.34E+05
  MOM_surface_forcing LATENT_HEAT_VAPORIZATION: 2.5E+06
  MOM_surface_forcing MAX_P_SURF: 0.0
  MOM_surface_forcing ADJUST_NET_SRESTORE_TO_ZERO: False
  MOM_surface_forcing ADJUST_NET_SRESTORE_BY_SCALING: False
  MOM_surface_forcing ADJUST_NET_FRESH_WATER_TO_ZERO: False
  MOM_surface_forcing ADJUST_NET_FRESH_WATER_BY_SCALING: False
  MOM_surface_forcing ICE_SALT_CONCENTRATION: 0.005
  MOM_surface_forcing USE_LIMITED_PATM_SSH: True
  MOM_surface_forcing WIND_STAGGER: C
  MOM_surface_forcing WIND_STRESS_MULTIPLIER: 1.0
  MOM_surface_forcing CD_TIDES: 0.0018
  MOM_surface_forcing READ_TIDEAMP: True
  MOM_surface_forcing TIDEAMP_FILE: tidal_amplitude.v20140616.nc
  MOM_surface_forcing READ_GUST_2D: False
  MOM_surface_forcing GUST_CONST: 0.0
  MOM_surface_forcing USE_RIGID_SEA_ICE: True
  MOM_surface_forcing SEA_ICE_MEAN_DENSITY: 900.0
  MOM_surface_forcing SEA_ICE_VISCOSITY: 1.0E+09
  MOM_surface_forcing SEA_ICE_RIGID_MASS: 100.0
  MOM_surface_forcing ALLOW_ICEBERG_FLUX_DIAGNOSTICS: False
  MOM_surface_forcing ALLOW_FLUX_ADJUSTMENTS: False
MOM_restart: ref:a3acfedf3c2a79e7552fff0baa07093acc1f3ea2
  MOM_restart PARALLEL_RESTARTFILES: True
  MOM_restart RESTARTFILE from argument: MOM_forcing.res
  MOM_restart LARGE_FILE_SUPPORT: True
  MOM_restart MAX_FIELDS: 100
user_revise_forcing: ref:a3acfedf3c2a79e7552fff0baa07093acc1f3ea2
MOM_sum_output: ref:a3acfedf3c2a79e7552fff0baa07093acc1f3ea2
  MOM_sum_output CALCULATE_APE: True
  MOM_sum_output WRITE_STOCKS: True
  MOM_sum_output ENABLE_THERMODYNAMICS: True
  MOM_sum_output DT: 900.0
  MOM_sum_output MAXTRUNC: 100000
  MOM_sum_output MAX_ENERGY: 0.0
  MOM_sum_output MAXVEL: 6.0
  MOM_sum_output MAX_ENERGY as used: 360.0
  MOM_sum_output ENERGYFILE: ocean.stats
  MOM_sum_output output_path/ENERGYFILE: ./ocean.stats
  MOM_sum_output DATE_STAMPED_STDOUT: True
  MOM_sum_output TIMEUNIT: 8.64E+04
  MOM_sum_output READ_DEPTH_LIST: False
  MOM_sum_output DEPTH_LIST_MIN_INC: 1.0E-10
MOM_file_parser: ref:a3acfedf3c2a79e7552fff0baa07093acc1f3ea2
  MOM_file_parser SEND_LOG_TO_STDOUT: False
  MOM_file_parser REPORT_UNUSED_PARAMS: False
  MOM_file_parser FATAL_UNUSED_PARAMS: False
  MOM_file_parser DOCUMENT_FILE: MOM_parameter_doc
  MOM_file_parser COMPLETE_DOCUMENTATION: True
  MOM_file_parser MINIMAL_DOCUMENTATION: True
 &DATA_OVERRIDE_NML
 DEBUG_DATA_OVERRIDE     = F,
 GRID_CENTER_BUG = F
 /

================================================================================
HORIZ_INTERP_MOD
ref:34097d072ca2913668350ebd1a04957516c8fb67
 &HORIZ_INTERP_NML
 REPRODUCE_SIENA = F
 /

================================================================================
HORIZ_INTERP_CONSERVE_MOD
ref:34097d072ca2913668350ebd1a04957516c8fb67

================================================================================
HORIZ_INTERP_BILINEAR_MOD
ref:34097d072ca2913668350ebd1a04957516c8fb67

================================================================================
HORIZ_INTERP_BICUBIC_MOD
ref:34097d072ca2913668350ebd1a04957516c8fb67

================================================================================
horiz_interp_spherical_mod
ref:34097d072ca2913668350ebd1a04957516c8fb67

================================================================================
DATA_OVERRIDE_MOD
ref:34097d072ca2913668350ebd1a04957516c8fb67

================================================================================
DIAG_OUTPUT_MOD
ref:34097d072ca2913668350ebd1a04957516c8fb67
  Init: ocean_model_init            203.947570
Ocean Initialization                202.871681
Ocean                              8191.808034
Ocean dynamics                     4867.867319
Ocean thermodynamics and tracers   2688.190056
Ocean Other                         635.668526
(Ocean tracer advection)            468.520802
(Ocean diabatic driver)            1893.695366
(Ocean continuity equation *)         0.000000
(Ocean set BBL viscosity)             8.663650
(Ocean message passing *)           874.286225
(Ocean MOM_initialize_state)         73.479525
(Ocean init message passing *)        0.003643
(Ocean thickness diffusion *)        57.098507
(Ocean mixed layer restrat)          91.789318
(Ocean collective diagnostics)      309.195638
(Ocean Z-space diagnostics)           3.939816
(Ocean ALE)                           9.065309
(Initialize from Z)                   0.003251
(Ocean diagnostics framework)       270.328893
(Ocean diagnostics remapping)        25.163186
(Ocean diagnostics grid updates)     35.777304
(Ocean continuity halo updates)     216.731920
(Ocean continuity update)            88.519694
(Ocean continuity correction)       361.824212
(Ocean BT pre-calcs only)           224.102670
(Ocean BT pre-step halo updates)    556.240933
(Ocean BT stepping calcs only)      142.633458
(Ocean BT stepping halo updates)    192.921091
(Ocean BT post-calcs only)           28.828777
(Ocean BT post-step halo updates     19.051582
(Ocean BT global synch)             152.715374
(Ocean Coriolis & mom advection)    110.983844
(Ocean continuity equation)         480.375672
(Ocean pressure force)              402.873070
(Ocean vertical viscosity)          159.456565
(Ocean horizontal viscosity)        207.705157
(Ocean momentum increments)          47.515737
(Ocean message passing)            1004.326976
(Ocean init message passing)          0.000000
(Ocean barotropic mode calc)          5.298945
(Ocean barotropic mode stepping)   1320.407426
(Ocean barotropic forcing calc)      23.676204
(Ocean kappa_shear)                   6.933790
(Ocean diabatic entrain)              0.000000
(Ocean vert remap)                  322.870732
(Ocean geothermal)                    0.020712
(Ocean set_diffusivity)              34.873346
(Ocean KPP)                           0.000000
(Ocean tracer_columns)              784.751042
(Ocean diabatic tridiag)              5.738012
(Ocean diabatic message passing)    717.622006
(Ocean find_uv_at_h)                  6.469417
(Ocean frazil)                        1.341227
(Ocean regularize_layers EOS)         0.000000
(Ocean regularize_layers halo up      0.000000
(Ocean advect tracer)               421.424647
(Ocean tracer halo updates)         116.342637
(Ocean tracer global synch)         309.387318
(Ocean diffuse tracer)               46.072184
(Ocean epipycnal diffuse tracer)      0.000000
Ocean surface forcing                 3.066764
(Ocean forcing diagnostics)          11.586391
OCN                                8214.222774
